{"uuid":"5148c320-cb2d-4749-a62c-12f037e6f41b","historyId":"a29ad41cc48594f54f0204e4bd7003c","fullName":"Add New Program Feature: Verify added Program is created","labels":[{"name":"host","value":"LAPTOP-LQMIT81G"},{"name":"thread","value":"56744@LAPTOP-LQMIT81G.main(1)"},{"name":"feature","value":"Add New Program Feature"},{"name":"story","value":"Verify added Program is created"},{"name":"suite","value":"Add New Program Feature"},{"name":"testClass","value":"Verify added Program is created"},{"name":"framework","value":"cucumber5jvm"},{"name":"language","value":"java"},{"name":"gherkin_uri","value":"file:///C:/Users/padma/git/Team01_TechNinjas/src/test/resources/features/ProgramModule/4_Menubar_program_AddNewProgram.feature"},{"name":"package","value":"src.test.resources.features.ProgramModule.4_Menubar_program_AddNewProgram_feature.Add New Program Feature"}],"links":[],"name":"Verify added Program is created","status":"failed","statusDetails":{"known":false,"muted":false,"flaky":false,"message":"The following asserts failed:\n\texpected [ljwkjkwjdEdited] but found [zxcv]","trace":"java.lang.AssertionError: The following asserts failed:\n\texpected [ljwkjkwjdEdited] but found [zxcv]\r\n\tat org.testng.asserts.SoftAssert.assertAll(SoftAssert.java:46)\r\n\tat org.testng.asserts.SoftAssert.assertAll(SoftAssert.java:30)\r\n\tat com.stepDefinition.Program_SD.records_of_the_newly_created_is_displayed_and_match_the_data_entered(Program_SD.java:377)\r\n\tat ✽.Records of the newly created  \"Program Name\" is displayed and match the data entered(file:///C:/Users/padma/git/Team01_TechNinjas/src/test/resources/features/ProgramModule/4_Menubar_program_AddNewProgram.feature:25)\r\n"},"stage":"finished","steps":[{"name":"Given  Admin is in login Page","status":"passed","statusDetails":{"known":false,"muted":false,"flaky":false},"stage":"finished","steps":[],"attachments":[],"parameters":[],"start":1730084257889,"stop":1730084257900},{"name":"When  Admin enter valid credentials  and clicks login button through keyboard","status":"passed","statusDetails":{"known":false,"muted":false,"flaky":false},"stage":"finished","steps":[],"attachments":[],"parameters":[],"start":1730084257902,"stop":1730084258316},{"name":"Then  Admin should land on dashboard page","status":"passed","statusDetails":{"known":false,"muted":false,"flaky":false},"stage":"finished","steps":[],"attachments":[],"parameters":[],"start":1730084258317,"stop":1730084258328},{"name":"Given  Admin clicks on \"New Program\" under the \"Program\" menu bar","status":"passed","statusDetails":{"known":false,"muted":false,"flaky":false},"stage":"finished","steps":[],"attachments":[],"parameters":[],"start":1730084258329,"stop":1730084262601},{"name":"When  Admin searches with newly created \"Program Name\"","status":"passed","statusDetails":{"known":false,"muted":false,"flaky":false},"stage":"finished","steps":[],"attachments":[],"parameters":[],"start":1730084262602,"stop":1730084262712},{"name":"Then  Records of the newly created  \"Program Name\" is displayed and match the data entered","status":"failed","statusDetails":{"known":false,"muted":false,"flaky":false,"message":"The following asserts failed:\n\texpected [ljwkjkwjdEdited] but found [zxcv]","trace":"java.lang.AssertionError: The following asserts failed:\n\texpected [ljwkjkwjdEdited] but found [zxcv]\r\n\tat org.testng.asserts.SoftAssert.assertAll(SoftAssert.java:46)\r\n\tat org.testng.asserts.SoftAssert.assertAll(SoftAssert.java:30)\r\n\tat com.stepDefinition.Program_SD.records_of_the_newly_created_is_displayed_and_match_the_data_entered(Program_SD.java:377)\r\n\tat ✽.Records of the newly created  \"Program Name\" is displayed and match the data entered(file:///C:/Users/padma/git/Team01_TechNinjas/src/test/resources/features/ProgramModule/4_Menubar_program_AddNewProgram.feature:25)\r\n"},"stage":"finished","steps":[],"attachments":[],"parameters":[],"start":1730084262713,"stop":1730084262781}],"attachments":[],"parameters":[],"start":1730084254567,"stop":1730084262994}