{"uuid":"54383f2e-f98e-4642-ab2a-a9c88639ba0f","name":"Scenario: Validate navigation bar order  program,batch,class,logout","children":["a08789bc-d91f-479d-a60a-a9542a073511"],"befores":[{"name":"com.hooks.BaseClass.setUp()","status":"broken","statusDetails":{"known":false,"muted":false,"flaky":false,"message":"BEFORE is failed: Cannot invoke \"java.util.Properties.getProperty(String)\" because \"this.pro\" is null","trace":"java.lang.NullPointerException: Cannot invoke \"java.util.Properties.getProperty(String)\" because \"this.pro\" is null\r\n\tat com.utilities.ReadConfig.getbrowser(ReadConfig.java:25)\r\n\tat com.hooks.BaseClass.setUp(BaseClass.java:32)\r\n"},"stage":"finished","steps":[],"attachments":[],"parameters":[],"start":1730151110721,"stop":1730151110822}],"afters":[{"name":"com.hooks.BaseClass.tearDown(io.cucumber.java.Scenario)","status":"broken","statusDetails":{"known":false,"muted":false,"flaky":false,"message":"AFTER is failed: Cannot invoke \"org.openqa.selenium.TakesScreenshot.getScreenshotAs(org.openqa.selenium.OutputType)\" because the return value of \"com.hooks.TestContext.getDriver()\" is null","trace":"java.lang.NullPointerException: Cannot invoke \"org.openqa.selenium.TakesScreenshot.getScreenshotAs(org.openqa.selenium.OutputType)\" because the return value of \"com.hooks.TestContext.getDriver()\" is null\r\n\tat com.hooks.BaseClass.tearDown(BaseClass.java:43)\r\n"},"stage":"finished","steps":[],"attachments":[],"parameters":[],"start":1730151110923,"stop":1730151110951}],"start":1730151110658,"stop":1730151110976}