{"uuid":"777117c5-4c45-49a9-a51c-88b41c0f43b9","historyId":"9d05d6e2051dfc5f67247161f1b5aa13","fullName":"Add New Program Feature: Verify added Program is created","labels":[{"name":"host","value":"LAPTOP-LQMIT81G"},{"name":"thread","value":"48088@LAPTOP-LQMIT81G.main(1)"},{"name":"feature","value":"Add New Program Feature"},{"name":"story","value":"Verify added Program is created"},{"name":"suite","value":"Add New Program Feature"},{"name":"testClass","value":"Verify added Program is created"},{"name":"framework","value":"cucumber5jvm"},{"name":"language","value":"java"},{"name":"gherkin_uri","value":"file:///C:/Users/padma/git/Team01_TechNinjas/src/test/resources/features/ProgramModule/4_Menubar_program_AddNewProgram.feature"},{"name":"package","value":"src.test.resources.features.ProgramModule.4_Menubar_program_AddNewProgram_feature.Add New Program Feature"}],"links":[],"name":"Verify added Program is created","status":"failed","statusDetails":{"known":false,"muted":false,"flaky":false,"message":"The following asserts failed:\n\texpected [ljwkjkwjdEdited] but found [zxcv]","trace":"java.lang.AssertionError: The following asserts failed:\n\texpected [ljwkjkwjdEdited] but found [zxcv]\r\n\tat org.testng.asserts.SoftAssert.assertAll(SoftAssert.java:46)\r\n\tat org.testng.asserts.SoftAssert.assertAll(SoftAssert.java:30)\r\n\tat com.stepDefinition.Program_SD.records_of_the_newly_created_is_displayed_and_match_the_data_entered(Program_SD.java:377)\r\n\tat ✽.Records of the newly created  \"Program Name\" is displayed and match the data entered(file:///C:/Users/padma/git/Team01_TechNinjas/src/test/resources/features/ProgramModule/4_Menubar_program_AddNewProgram.feature:28)\r\n"},"stage":"finished","steps":[{"name":"Given  Admin is in login Page","status":"passed","statusDetails":{"known":false,"muted":false,"flaky":false},"stage":"finished","steps":[],"attachments":[],"parameters":[],"start":1730084167713,"stop":1730084167716},{"name":"When  Admin enter valid credentials  and clicks login button through keyboard","status":"passed","statusDetails":{"known":false,"muted":false,"flaky":false},"stage":"finished","steps":[],"attachments":[],"parameters":[],"start":1730084167717,"stop":1730084168198},{"name":"Then  Admin should land on dashboard page","status":"passed","statusDetails":{"known":false,"muted":false,"flaky":false},"stage":"finished","steps":[],"attachments":[],"parameters":[],"start":1730084168199,"stop":1730084168209},{"name":"Given  Admin clicks on \"New Program\" under the \"Program\" menu bar","status":"passed","statusDetails":{"known":false,"muted":false,"flaky":false},"stage":"finished","steps":[],"attachments":[],"parameters":[],"start":1730084168210,"stop":1730084172495},{"name":"When  Admin searches with newly created \"Program Name\"","status":"passed","statusDetails":{"known":false,"muted":false,"flaky":false},"stage":"finished","steps":[],"attachments":[],"parameters":[],"start":1730084172496,"stop":1730084172588},{"name":"Then  Records of the newly created  \"Program Name\" is displayed and match the data entered","status":"failed","statusDetails":{"known":false,"muted":false,"flaky":false,"message":"The following asserts failed:\n\texpected [ljwkjkwjdEdited] but found [zxcv]","trace":"java.lang.AssertionError: The following asserts failed:\n\texpected [ljwkjkwjdEdited] but found [zxcv]\r\n\tat org.testng.asserts.SoftAssert.assertAll(SoftAssert.java:46)\r\n\tat org.testng.asserts.SoftAssert.assertAll(SoftAssert.java:30)\r\n\tat com.stepDefinition.Program_SD.records_of_the_newly_created_is_displayed_and_match_the_data_entered(Program_SD.java:377)\r\n\tat ✽.Records of the newly created  \"Program Name\" is displayed and match the data entered(file:///C:/Users/padma/git/Team01_TechNinjas/src/test/resources/features/ProgramModule/4_Menubar_program_AddNewProgram.feature:28)\r\n"},"stage":"finished","steps":[],"attachments":[],"parameters":[],"start":1730084172589,"stop":1730084172653}],"attachments":[],"parameters":[],"start":1730084165348,"stop":1730084172939}