{"uuid":"80c9245b-8717-48a9-9dd3-69417c1ab1a6","historyId":"c0404483ef95ba1201766995f408dde4","fullName":"Batch Page Navigation and Validation: Validate batch name prefix","labels":[{"name":"host","value":"Saranya"},{"name":"thread","value":"43984@Saranya.main(1)"},{"name":"feature","value":"Batch Page Navigation and Validation"},{"name":"story","value":"Validate batch name prefix"},{"name":"suite","value":"Batch Page Navigation and Validation"},{"name":"testClass","value":"Validate batch name prefix"},{"name":"framework","value":"cucumber5jvm"},{"name":"language","value":"java"},{"name":"gherkin_uri","value":"file:///C:/Users/eeera/git/Team01_TechNinjas/src/test/resources/features/BatchFeature/BatchNavigation&validation.feature"},{"name":"package","value":"src.test.resources.features.BatchFeature.BatchNavigation&validation_feature.Batch Page Navigation and Validation"}],"links":[],"name":"Validate batch name prefix","status":"broken","statusDetails":{"known":false,"muted":false,"flaky":false,"message":"Element should have been \"select\" but was \"span\"\nBuild info: version: '4.11.0', revision: '040bc5406b'\nSystem info: os.name: 'Windows 11', os.arch: 'amd64', os.version: '10.0', java.version: '21.0.1'\nDriver info: driver.version: unknown","trace":"org.openqa.selenium.support.ui.UnexpectedTagNameException: Element should have been \"select\" but was \"span\"\nBuild info: version: '4.11.0', revision: '040bc5406b'\nSystem info: os.name: 'Windows 11', os.arch: 'amd64', os.version: '10.0', java.version: '21.0.1'\nDriver info: driver.version: unknown\r\n\tat org.openqa.selenium.support.ui.Select.<init>(Select.java:46)\r\n\tat com.pageObject.BatchModule.selectProgramName(BatchModule.java:901)\r\n\tat com.stepDefinition.Batch_SD.adminSelectsProgramNameFromDropdown(Batch_SD.java:411)\r\n\tat ✽.Admin should see selected program name in the batch name prefix box by selecting program name from dropdown(file:///C:/Users/eeera/git/Team01_TechNinjas/src/test/resources/features/BatchFeature/BatchNavigation&validation.feature:46)\r\n"},"stage":"finished","steps":[{"name":"Given  Admin is logged into the LMS portal and on the dashboard page","status":"passed","statusDetails":{"known":false,"muted":false,"flaky":false},"stage":"finished","steps":[],"attachments":[],"parameters":[],"start":1730082234686,"stop":1730082235451},{"name":"Given  Admin is on the Batch Details Pop Up Window","status":"passed","statusDetails":{"known":false,"muted":false,"flaky":false},"stage":"finished","steps":[],"attachments":[],"parameters":[],"start":1730082235451,"stop":1730082236104},{"name":"When  Admin should see selected program name in the batch name prefix box by selecting program name from dropdown","status":"broken","statusDetails":{"known":false,"muted":false,"flaky":false,"message":"Element should have been \"select\" but was \"span\"\nBuild info: version: '4.11.0', revision: '040bc5406b'\nSystem info: os.name: 'Windows 11', os.arch: 'amd64', os.version: '10.0', java.version: '21.0.1'\nDriver info: driver.version: unknown","trace":"org.openqa.selenium.support.ui.UnexpectedTagNameException: Element should have been \"select\" but was \"span\"\nBuild info: version: '4.11.0', revision: '040bc5406b'\nSystem info: os.name: 'Windows 11', os.arch: 'amd64', os.version: '10.0', java.version: '21.0.1'\nDriver info: driver.version: unknown\r\n\tat org.openqa.selenium.support.ui.Select.<init>(Select.java:46)\r\n\tat com.pageObject.BatchModule.selectProgramName(BatchModule.java:901)\r\n\tat com.stepDefinition.Batch_SD.adminSelectsProgramNameFromDropdown(Batch_SD.java:411)\r\n\tat ✽.Admin should see selected program name in the batch name prefix box by selecting program name from dropdown(file:///C:/Users/eeera/git/Team01_TechNinjas/src/test/resources/features/BatchFeature/BatchNavigation&validation.feature:46)\r\n"},"stage":"finished","steps":[],"attachments":[],"parameters":[],"start":1730082236105,"stop":1730082236150},{"name":"And  Admin enters alphabets in batch name prefix box","status":"skipped","statusDetails":{"known":false,"muted":false,"flaky":false},"stage":"finished","steps":[],"attachments":[],"parameters":[],"start":1730082236152,"stop":1730082236154},{"name":"Then  Admin should get an error message below the text box of the respective field","statusDetails":{"known":false,"muted":false,"flaky":false,"message":"\"Admin should get an error message below the text box of the respective field\" matches more than one step definition:\n  \"Admin should get an error message below the text box of the respective field\" in com.stepDefinition.Batch_SD.adminShouldGetErrorMessage()\n  \"^Admin should get an (.+)$\" in com.stepDefinition.Batch_SD.checkExpectedMessage(java.lang.String)","trace":"io.cucumber.core.runner.AmbiguousStepDefinitionsException: \"Admin should get an error message below the text box of the respective field\" matches more than one step definition:\n  \"Admin should get an error message below the text box of the respective field\" in com.stepDefinition.Batch_SD.adminShouldGetErrorMessage()\n  \"^Admin should get an (.+)$\" in com.stepDefinition.Batch_SD.checkExpectedMessage(java.lang.String)\r\n\tat io.cucumber.core.runner.CachingGlue.findStepDefinitionMatch(CachingGlue.java:267)\r\n\tat io.cucumber.core.runner.CachingGlue.stepDefinitionMatch(CachingGlue.java:238)\r\n\tat io.cucumber.core.runner.Runner.matchStepToStepDefinition(Runner.java:116)\r\n\tat io.cucumber.core.runner.Runner.createTestStepsForPickleSteps(Runner.java:105)\r\n\tat io.cucumber.core.runner.Runner.createTestCaseForPickle(Runner.java:95)\r\n\tat io.cucumber.core.runner.Runner.runPickle(Runner.java:65)\r\n\tat io.cucumber.junit.PickleRunners$NoStepDescriptions.run(PickleRunners.java:149)\r\n\tat io.cucumber.junit.FeatureRunner.runChild(FeatureRunner.java:83)\r\n\tat io.cucumber.junit.FeatureRunner.runChild(FeatureRunner.java:24)\r\n\tat org.junit.runners.ParentRunner$4.run(ParentRunner.java:331)\r\n\tat org.junit.runners.ParentRunner$1.schedule(ParentRunner.java:79)\r\n\tat org.junit.runners.ParentRunner.runChildren(ParentRunner.java:329)\r\n\tat org.junit.runners.ParentRunner.access$100(ParentRunner.java:66)\r\n\tat org.junit.runners.ParentRunner$2.evaluate(ParentRunner.java:293)\r\n\tat org.junit.runners.ParentRunner$3.evaluate(ParentRunner.java:306)\r\n\tat org.junit.runners.ParentRunner.run(ParentRunner.java:413)\r\n\tat io.cucumber.junit.Cucumber.runChild(Cucumber.java:185)\r\n\tat io.cucumber.junit.Cucumber.runChild(Cucumber.java:83)\r\n\tat org.junit.runners.ParentRunner$4.run(ParentRunner.java:331)\r\n\tat org.junit.runners.ParentRunner$1.schedule(ParentRunner.java:79)\r\n\tat org.junit.runners.ParentRunner.runChildren(ParentRunner.java:329)\r\n\tat org.junit.runners.ParentRunner.access$100(ParentRunner.java:66)\r\n\tat org.junit.runners.ParentRunner$2.evaluate(ParentRunner.java:293)\r\n\tat io.cucumber.junit.Cucumber$RunCucumber.evaluate(Cucumber.java:219)\r\n\tat org.junit.runners.ParentRunner$3.evaluate(ParentRunner.java:306)\r\n\tat org.junit.runners.ParentRunner.run(ParentRunner.java:413)\r\n\tat org.eclipse.jdt.internal.junit4.runner.JUnit4TestReference.run(JUnit4TestReference.java:93)\r\n\tat org.eclipse.jdt.internal.junit.runner.TestExecution.run(TestExecution.java:40)\r\n\tat org.eclipse.jdt.internal.junit.runner.RemoteTestRunner.runTests(RemoteTestRunner.java:529)\r\n\tat org.eclipse.jdt.internal.junit.runner.RemoteTestRunner.runTests(RemoteTestRunner.java:757)\r\n\tat org.eclipse.jdt.internal.junit.runner.RemoteTestRunner.run(RemoteTestRunner.java:452)\r\n\tat org.eclipse.jdt.internal.junit.runner.RemoteTestRunner.main(RemoteTestRunner.java:210)\r\n"},"stage":"finished","steps":[],"attachments":[],"parameters":[],"start":1730082236155,"stop":1730082236157}],"attachments":[],"parameters":[],"start":1730082231985,"stop":1730082236815}