{"uuid":"af450504-b87f-48fe-85ca-2ff205b0b145","historyId":"b07ec84013dce8718543ac589a752f4e","fullName":"Add New Program Feature: Verify cancel program details","labels":[{"name":"host","value":"LAPTOP-LQMIT81G"},{"name":"thread","value":"51340@LAPTOP-LQMIT81G.main(1)"},{"name":"feature","value":"Add New Program Feature"},{"name":"story","value":"Verify cancel program details"},{"name":"suite","value":"Add New Program Feature"},{"name":"testClass","value":"Verify cancel program details"},{"name":"framework","value":"cucumber5jvm"},{"name":"language","value":"java"},{"name":"gherkin_uri","value":"file:///C:/Users/padma/git/Team01_TechNinjas/src/test/resources/features/ProgramModule/4_Menubar_program_AddNewProgram.feature"},{"name":"package","value":"src.test.resources.features.ProgramModule.4_Menubar_program_AddNewProgram_feature.Add New Program Feature"}],"links":[],"name":"Verify cancel program details","status":"failed","statusDetails":{"known":false,"muted":false,"flaky":false,"message":"The following asserts failed:\n\tProgram Details form should be visible expected [false] but found [true]","trace":"java.lang.AssertionError: The following asserts failed:\n\tProgram Details form should be visible expected [false] but found [true]\r\n\tat org.testng.asserts.SoftAssert.assertAll(SoftAssert.java:46)\r\n\tat org.testng.asserts.SoftAssert.assertAll(SoftAssert.java:30)\r\n\tat com.stepDefinition.Program_SD.admin_can_see_program_details_form_disappear_after_click_on_cancel(Program_SD.java:384)\r\n\tat ✽.Admin can see program details form disappear after click on cancel(file:///C:/Users/padma/git/Team01_TechNinjas/src/test/resources/features/ProgramModule/4_Menubar_program_AddNewProgram.feature:69)\r\n"},"stage":"finished","steps":[{"name":"Given  Admin is in login Page","status":"passed","statusDetails":{"known":false,"muted":false,"flaky":false},"stage":"finished","steps":[],"attachments":[],"parameters":[],"start":1730072340114,"stop":1730072340116},{"name":"When  Admin enter valid credentials  and clicks login button through keyboard","status":"passed","statusDetails":{"known":false,"muted":false,"flaky":false},"stage":"finished","steps":[],"attachments":[],"parameters":[],"start":1730072340116,"stop":1730072340630},{"name":"Then  Admin should land on dashboard page","status":"passed","statusDetails":{"known":false,"muted":false,"flaky":false},"stage":"finished","steps":[],"attachments":[],"parameters":[],"start":1730072340630,"stop":1730072340643},{"name":"Given  Admin clicks on \"New Program\" under the \"Program\" menu bar","status":"passed","statusDetails":{"known":false,"muted":false,"flaky":false},"stage":"finished","steps":[],"attachments":[],"parameters":[],"start":1730072340644,"stop":1730072343887},{"name":"When  Admin Click on cancel button","status":"passed","statusDetails":{"known":false,"muted":false,"flaky":false},"stage":"finished","steps":[],"attachments":[],"parameters":[],"start":1730072343888,"stop":1730072344007},{"name":"Then  Admin can see program details form disappear after click on cancel","status":"failed","statusDetails":{"known":false,"muted":false,"flaky":false,"message":"The following asserts failed:\n\tProgram Details form should be visible expected [false] but found [true]","trace":"java.lang.AssertionError: The following asserts failed:\n\tProgram Details form should be visible expected [false] but found [true]\r\n\tat org.testng.asserts.SoftAssert.assertAll(SoftAssert.java:46)\r\n\tat org.testng.asserts.SoftAssert.assertAll(SoftAssert.java:30)\r\n\tat com.stepDefinition.Program_SD.admin_can_see_program_details_form_disappear_after_click_on_cancel(Program_SD.java:384)\r\n\tat ✽.Admin can see program details form disappear after click on cancel(file:///C:/Users/padma/git/Team01_TechNinjas/src/test/resources/features/ProgramModule/4_Menubar_program_AddNewProgram.feature:69)\r\n"},"stage":"finished","steps":[],"attachments":[],"parameters":[],"start":1730072344007,"stop":1730072344062}],"attachments":[],"parameters":[],"start":1730072337772,"stop":1730072344253}